  Game.cpp
C:\Users\mika\source\repos\HAUDIKA\Tetris\Tetris_vs\Game.cpp(25,15): warning C4353: Nicht dem Standard entsprechende Erweiterung: Konstante 0 als Funktionsausdruck. Verwenden Sie stattdessen die systeminterne __noop-Funktion.
C:\Users\mika\source\repos\HAUDIKA\Tetris\Tetris_vs\Game.cpp(88,56): warning C4244: "Argument": Konvertierung von "int" in "T", möglicher Datenverlust
          with
          [
              T=float
          ]
C:\Users\mika\source\repos\HAUDIKA\Tetris\Tetris_vs\Game.cpp(88,39): warning C4244: "Argument": Konvertierung von "int" in "T", möglicher Datenverlust
          with
          [
              T=float
          ]
C:\Users\mika\source\repos\HAUDIKA\Tetris\Tetris_vs\Game.cpp(113,62): warning C4244: "Argument": Konvertierung von "int" in "T", möglicher Datenverlust
          with
          [
              T=float
          ]
C:\Users\mika\source\repos\HAUDIKA\Tetris\Tetris_vs\Game.cpp(113,45): warning C4244: "Argument": Konvertierung von "int" in "T", möglicher Datenverlust
          with
          [
              T=float
          ]
C:\Users\mika\source\repos\HAUDIKA\Tetris\Tetris_vs\Game.cpp(118,68): warning C4244: "Argument": Konvertierung von "int" in "T", möglicher Datenverlust
          with
          [
              T=float
          ]
C:\Users\mika\source\repos\HAUDIKA\Tetris\Tetris_vs\Game.cpp(118,51): warning C4244: "Argument": Konvertierung von "int" in "T", möglicher Datenverlust
          with
          [
              T=float
          ]
  Tetris_vs.vcxproj -> C:\Users\mika\source\repos\HAUDIKA\Tetris\Tetris_vs\Debug\Tetris_vs.exe
